Using pre-set license
Built from '2020.2/staging' branch; Version is '2020.2.6f1 (8a2143876886) revision 9052483'; Using compiler version '192528614'; Build Type 'Release'
OS: 'Windows 10 Home; OS build 19041.804; Version 2004; 64bit' Language: 'de' Physical Memory: 8101 MB
BatchMode: 1, IsHumanControllingUs: 0, StartBugReporterOnCrash: 0, Is64bit: 1, IsPro: 0

 COMMAND LINE ARGUMENTS:
C:\Program Files\Unity\Hub\Editor\2020.2.6f1\Editor\Unity.exe
-adb2
-batchMode
-noUpm
-name
AssetImportWorker0
-projectPath
C:/Users/Silas/Documents/Unity/Odyssey 2D
-logFile
Logs/AssetImportWorker0.log
-srvPort
52098
Successfully changed project path to: C:/Users/Silas/Documents/Unity/Odyssey 2D
C:/Users/Silas/Documents/Unity/Odyssey 2D
Using Asset Import Pipeline V2.
Refreshing native plugins compatible for Editor in 381.36 ms, found 3 plugins.
Preloading 0 native plugins for Editor in 0.00 ms.
Initialize engine version: 2020.2.6f1 (8a2143876886)
[Subsystems] Discovering subsystems at path C:/Program Files/Unity/Hub/Editor/2020.2.6f1/Editor/Data/Resources/UnitySubsystems
[Subsystems] Discovering subsystems at path C:/Users/Silas/Documents/Unity/Odyssey 2D/Assets
GfxDevice: creating device client; threaded=0
Direct3D:
    Version:  Direct3D 11.0 [level 11.1]
    Renderer: Intel(R) UHD Graphics 620 (ID=0x5917)
    Vendor:   
    VRAM:     4050 MB
    Driver:   26.20.100.7323
Initialize mono
Mono path[0] = 'C:/Program Files/Unity/Hub/Editor/2020.2.6f1/Editor/Data/Managed'
Mono path[1] = 'C:/Program Files/Unity/Hub/Editor/2020.2.6f1/Editor/Data/MonoBleedingEdge/lib/mono/unityjit'
Mono config path = 'C:/Program Files/Unity/Hub/Editor/2020.2.6f1/Editor/Data/MonoBleedingEdge/etc'
Using monoOptions --debugger-agent=transport=dt_socket,embedding=1,server=y,suspend=n,address=127.0.0.1:56692
Begin MonoManager ReloadAssembly
Registering precompiled unity dll's ...
Register platform support module: C:/Program Files/Unity/Hub/Editor/2020.2.6f1/Editor/Data/PlaybackEngines/WindowsStandaloneSupport/UnityEditor.WindowsStandalone.Extensions.dll
Registered in 0.002890 seconds.
Native extension for WindowsStandalone target not found
Refreshing native plugins compatible for Editor in 52.91 ms, found 3 plugins.
Preloading 0 native plugins for Editor in 0.00 ms.
Invoked RoslynAnalysisRunner static constructor.
RoslynAnalysisRunner will not be running.
RoslynAnalysisRunner has terminated.
Mono: successfully reloaded assembly
- Completed reload, in  2.547 seconds
Platform modules already initialized, skipping
Registering precompiled user dll's ...
Registered in 0.004492 seconds.
Begin MonoManager ReloadAssembly
Native extension for WindowsStandalone target not found
Refreshing native plugins compatible for Editor in 143.38 ms, found 3 plugins.
Preloading 0 native plugins for Editor in 0.00 ms.
Invoked RoslynAnalysisRunner static constructor.
RoslynAnalysisRunner will not be running.
RoslynAnalysisRunner has terminated.
RefreshInfo: StopAssetImportingV2(NoUpdateAssetOptions) scanfilter: 
RefreshProfiler: Total: 0.000ms
Mono: successfully reloaded assembly
- Completed reload, in  3.273 seconds
Platform modules already initialized, skipping
========================================================================
Worker process is ready to serve import requests
Launched and connected shader compiler UnityShaderCompiler.exe after 0.13 seconds
Refreshing native plugins compatible for Editor in 1.44 ms, found 3 plugins.
Preloading 0 native plugins for Editor in 0.00 ms.
Unloading 13 Unused Serialized files (Serialized files now loaded: 0)
System memory in use before: 51.6 MB.
System memory in use after: 51.5 MB.

Unloading 81 unused Assets to reduce memory usage. Loaded Objects now: 2314.
Total: 4.256900 ms (FindLiveObjects: 0.329700 ms CreateObjectMapping: 0.159200 ms MarkObjects: 3.457200 ms  DeleteObjects: 0.308500 ms)

========================================================================
Received Import Request.
  path: Assets/FMOD Project/mario_odyssey_8bit
  artifactKey: Guid(4a445b5050adc4193a8dc663d2b04820) Importer(815301076,1909f56bfc062723c751e8b465ee728b)
Start importing Assets/FMOD Project/mario_odyssey_8bit using Guid(4a445b5050adc4193a8dc663d2b04820) Importer(815301076,1909f56bfc062723c751e8b465ee728b)  -> (artifact id: '133ebefb0376bdabfd0bea7d18fbdbd0') in 0.023561 seconds
  Import took 0.030705 seconds .

========================================================================
Received Import Request.
  Time since last request: 0.000528 seconds.
  path: Assets/FMOD Project/mario_odyssey_8bit/Assets/steps.wav
  artifactKey: Guid(835605b3ae94a42b1841d64823114e02) Importer(815301076,1909f56bfc062723c751e8b465ee728b)
Start importing Assets/FMOD Project/mario_odyssey_8bit/Assets/steps.wav using Guid(835605b3ae94a42b1841d64823114e02) Importer(815301076,1909f56bfc062723c751e8b465ee728b)  -> (artifact id: '6c87b16c1b44608c29617c9fbd45cc1c') in 0.362259 seconds
  Import took 0.369916 seconds .

========================================================================
Received Import Request.
  Time since last request: 0.000462 seconds.
  path: Assets/FMOD Project/mario_odyssey_8bit/Assets
  artifactKey: Guid(6bd93f6d505314cbfbf369c1281eb444) Importer(815301076,1909f56bfc062723c751e8b465ee728b)
Start importing Assets/FMOD Project/mario_odyssey_8bit/Assets using Guid(6bd93f6d505314cbfbf369c1281eb444) Importer(815301076,1909f56bfc062723c751e8b465ee728b)  -> (artifact id: '548c6625241f75eaa16d67711af9f638') in 0.018524 seconds
  Import took 0.029027 seconds .

========================================================================
Received Import Request.
  Time since last request: 0.000640 seconds.
  path: Assets/FMOD Project/mario_odyssey_8bit/mario_odyssey_8bit.fspro
  artifactKey: Guid(fde630d8b9ca5444aad54ce6dedaf80f) Importer(815301076,1909f56bfc062723c751e8b465ee728b)
Start importing Assets/FMOD Project/mario_odyssey_8bit/mario_odyssey_8bit.fspro using Guid(fde630d8b9ca5444aad54ce6dedaf80f) Importer(815301076,1909f56bfc062723c751e8b465ee728b)  -> (artifact id: '2623b2d86623aa42bc8bd9f71fb91400') in 0.020748 seconds
  Import took 0.029021 seconds .

========================================================================
Received Import Request.
  Time since last request: 0.001239 seconds.
  path: Assets/FMOD Project/mario_odyssey_8bit/Assets/jump.wav
  artifactKey: Guid(3d0818a432e84421395281d7e60f3a93) Importer(815301076,1909f56bfc062723c751e8b465ee728b)
Start importing Assets/FMOD Project/mario_odyssey_8bit/Assets/jump.wav using Guid(3d0818a432e84421395281d7e60f3a93) Importer(815301076,1909f56bfc062723c751e8b465ee728b)  -> (artifact id: 'e3a1cfbdf3a1d94c2522a934065d5fbf') in 0.054410 seconds
  Import took 0.065669 seconds .

========================================================================
Received Import Request.
  Time since last request: 0.000537 seconds.
  path: Assets/FMOD Project
  artifactKey: Guid(77ed62cdcc8864ef7bbb8d151be89450) Importer(815301076,1909f56bfc062723c751e8b465ee728b)
Start importing Assets/FMOD Project using Guid(77ed62cdcc8864ef7bbb8d151be89450) Importer(815301076,1909f56bfc062723c751e8b465ee728b)  -> (artifact id: '5029b1fbff873bfe265c91a29ddc61e0') in 0.018429 seconds
  Import took 0.030084 seconds .

========================================================================
Received Import Request.
  Time since last request: 0.000845 seconds.
  path: Assets/FMOD Project/mario_odyssey_8bit/Assets/jump.wav
  artifactKey: Guid(3d0818a432e84421395281d7e60f3a93) Importer(815301076,1909f56bfc062723c751e8b465ee728b)
Start importing Assets/FMOD Project/mario_odyssey_8bit/Assets/jump.wav using Guid(3d0818a432e84421395281d7e60f3a93) Importer(815301076,1909f56bfc062723c751e8b465ee728b)  -> (artifact id: 'e3a1cfbdf3a1d94c2522a934065d5fbf') in 0.026909 seconds
  Import took 0.035493 seconds .

========================================================================
Received Import Request.
  Time since last request: 166.530734 seconds.
  path: Assets/Sprites/dirt.png
  artifactKey: Guid(510e11417f748894ca4fcbf829c60abf) Importer(815301076,1909f56bfc062723c751e8b465ee728b)
Start importing Assets/Sprites/dirt.png using Guid(510e11417f748894ca4fcbf829c60abf) Importer(815301076,1909f56bfc062723c751e8b465ee728b)  -> (artifact id: '312acc1a24f816aca68d818acb9a0ae6') in 0.212523 seconds
  Import took 0.231405 seconds .

========================================================================
Received Import Request.
  Time since last request: 0.000530 seconds.
  path: Assets/Sprites/goomba.png
  artifactKey: Guid(d177797615364cc48a568e7e1862747e) Importer(815301076,1909f56bfc062723c751e8b465ee728b)
Start importing Assets/Sprites/goomba.png using Guid(d177797615364cc48a568e7e1862747e) Importer(815301076,1909f56bfc062723c751e8b465ee728b)  -> (artifact id: 'db2298cc8d6a5c7bea08d323dec8f479') in 0.096910 seconds
  Import took 0.110269 seconds .

========================================================================
Received Import Request.
  Time since last request: 0.000866 seconds.
  path: Assets/Sprites/grass.png
  artifactKey: Guid(9ff02a228d2a5ba428ceac3f82b757e7) Importer(815301076,1909f56bfc062723c751e8b465ee728b)
Start importing Assets/Sprites/grass.png using Guid(9ff02a228d2a5ba428ceac3f82b757e7) Importer(815301076,1909f56bfc062723c751e8b465ee728b)  -> (artifact id: '49c2ebb2b049e77e82098337cd3f8d59') in 0.078028 seconds
  Import took 0.092643 seconds .

========================================================================
Received Import Request.
  Time since last request: 0.000590 seconds.
  path: Assets/Sprites/question.png
  artifactKey: Guid(593195752ecfed24e8891dd4bea2a772) Importer(815301076,1909f56bfc062723c751e8b465ee728b)
Start importing Assets/Sprites/question.png using Guid(593195752ecfed24e8891dd4bea2a772) Importer(815301076,1909f56bfc062723c751e8b465ee728b)  -> (artifact id: '5507a33a000dbea31cd566b1aab8d279') in 0.070448 seconds
  Import took 0.091890 seconds .

========================================================================
Received Prepare
Registering precompiled user dll's ...
Registered in 0.005550 seconds.
Begin MonoManager ReloadAssembly
Native extension for WindowsStandalone target not found
Refreshing native plugins compatible for Editor in 2.94 ms, found 3 plugins.
Preloading 0 native plugins for Editor in 0.00 ms.
Invoked RoslynAnalysisRunner static constructor.
RoslynAnalysisRunner will not be running.
RoslynAnalysisRunner has terminated.
RefreshInfo: StopAssetImportingV2(NoUpdateAssetOptions) scanfilter: 
RefreshProfiler: Total: 0.000ms
Mono: successfully reloaded assembly
- Completed reload, in  2.891 seconds
Platform modules already initialized, skipping
Refreshing native plugins compatible for Editor in 2.21 ms, found 3 plugins.
Preloading 0 native plugins for Editor in 0.00 ms.
Unloading 668 Unused Serialized files (Serialized files now loaded: 0)
System memory in use before: 67.7 MB.
System memory in use after: 67.7 MB.

Unloading 69 unused Assets to reduce memory usage. Loaded Objects now: 2330.
Total: 9.230200 ms (FindLiveObjects: 0.793600 ms CreateObjectMapping: 0.726700 ms MarkObjects: 7.458200 ms  DeleteObjects: 0.247500 ms)

========================================================================
Received Import Request.
  Time since last request: 251.799303 seconds.
  path: Assets/MainMixer.mixer
  artifactKey: Guid(1b46fa4f9fd42404ebf04df9437ca4e3) Importer(815301076,1909f56bfc062723c751e8b465ee728b)
Start importing Assets/MainMixer.mixer using Guid(1b46fa4f9fd42404ebf04df9437ca4e3) Importer(815301076,1909f56bfc062723c751e8b465ee728b)  -> (artifact id: '72f409cf9aeb7851c36860284bddfcc5') in 0.063245 seconds
  Import took 0.074385 seconds .

========================================================================
Received Prepare
Registering precompiled user dll's ...
Registered in 0.004320 seconds.
Begin MonoManager ReloadAssembly
Native extension for WindowsStandalone target not found
Refreshing native plugins compatible for Editor in 2.67 ms, found 3 plugins.
Preloading 0 native plugins for Editor in 0.00 ms.
Invoked RoslynAnalysisRunner static constructor.
RoslynAnalysisRunner will not be running.
RoslynAnalysisRunner has terminated.
RefreshInfo: StopAssetImportingV2(NoUpdateAssetOptions) scanfilter: 
RefreshProfiler: Total: 0.000ms
Mono: successfully reloaded assembly
- Completed reload, in  1.916 seconds
Platform modules already initialized, skipping
Refreshing native plugins compatible for Editor in 1.57 ms, found 3 plugins.
Preloading 0 native plugins for Editor in 0.00 ms.
Unloading 668 Unused Serialized files (Serialized files now loaded: 0)
System memory in use before: 67.8 MB.
System memory in use after: 67.8 MB.

Unloading 69 unused Assets to reduce memory usage. Loaded Objects now: 2333.
Total: 4.331700 ms (FindLiveObjects: 0.346800 ms CreateObjectMapping: 0.142200 ms MarkObjects: 3.590500 ms  DeleteObjects: 0.249600 ms)

========================================================================
Received Prepare
Registering precompiled user dll's ...
Registered in 0.011156 seconds.
Begin MonoManager ReloadAssembly
Native extension for WindowsStandalone target not found
Refreshing native plugins compatible for Editor in 3.20 ms, found 3 plugins.
Preloading 0 native plugins for Editor in 0.00 ms.
Invoked RoslynAnalysisRunner static constructor.
RoslynAnalysisRunner will not be running.
RoslynAnalysisRunner has terminated.
RefreshInfo: StopAssetImportingV2(NoUpdateAssetOptions) scanfilter: 
RefreshProfiler: Total: 0.000ms
Mono: successfully reloaded assembly
- Completed reload, in  2.909 seconds
Platform modules already initialized, skipping
Refreshing native plugins compatible for Editor in 1.55 ms, found 3 plugins.
Preloading 0 native plugins for Editor in 0.00 ms.
Unloading 668 Unused Serialized files (Serialized files now loaded: 0)
System memory in use before: 67.8 MB.
System memory in use after: 67.8 MB.

Unloading 69 unused Assets to reduce memory usage. Loaded Objects now: 2336.
Total: 5.192600 ms (FindLiveObjects: 0.354500 ms CreateObjectMapping: 0.146500 ms MarkObjects: 4.393000 ms  DeleteObjects: 0.295500 ms)

========================================================================
Received Prepare
Registering precompiled user dll's ...
Registered in 0.014280 seconds.
Begin MonoManager ReloadAssembly
Native extension for WindowsStandalone target not found
Refreshing native plugins compatible for Editor in 1.70 ms, found 3 plugins.
Preloading 0 native plugins for Editor in 0.00 ms.
Invoked RoslynAnalysisRunner static constructor.
RoslynAnalysisRunner will not be running.
RoslynAnalysisRunner has terminated.
RefreshInfo: StopAssetImportingV2(NoUpdateAssetOptions) scanfilter: 
RefreshProfiler: Total: 0.000ms
Mono: successfully reloaded assembly
- Completed reload, in  3.044 seconds
Platform modules already initialized, skipping
Refreshing native plugins compatible for Editor in 3.99 ms, found 3 plugins.
Preloading 0 native plugins for Editor in 0.00 ms.
Unloading 668 Unused Serialized files (Serialized files now loaded: 0)
System memory in use before: 67.8 MB.
System memory in use after: 67.8 MB.

Unloading 69 unused Assets to reduce memory usage. Loaded Objects now: 2339.
Total: 9.305100 ms (FindLiveObjects: 0.328000 ms CreateObjectMapping: 0.136400 ms MarkObjects: 8.462300 ms  DeleteObjects: 0.374800 ms)

========================================================================
Received Prepare
Registering precompiled user dll's ...
Registered in 0.030846 seconds.
Begin MonoManager ReloadAssembly
Native extension for WindowsStandalone target not found
Refreshing native plugins compatible for Editor in 7.19 ms, found 3 plugins.
Preloading 0 native plugins for Editor in 0.00 ms.
Invoked RoslynAnalysisRunner static constructor.
RoslynAnalysisRunner will not be running.
RoslynAnalysisRunner has terminated.
RefreshInfo: StopAssetImportingV2(NoUpdateAssetOptions) scanfilter: 
RefreshProfiler: Total: 0.000ms
Mono: successfully reloaded assembly
- Completed reload, in  6.264 seconds
Platform modules already initialized, skipping
Refreshing native plugins compatible for Editor in 2.06 ms, found 3 plugins.
Preloading 0 native plugins for Editor in 0.00 ms.
Unloading 668 Unused Serialized files (Serialized files now loaded: 0)
System memory in use before: 67.8 MB.
System memory in use after: 67.8 MB.

Unloading 69 unused Assets to reduce memory usage. Loaded Objects now: 2342.
Total: 6.974300 ms (FindLiveObjects: 1.139200 ms CreateObjectMapping: 0.264500 ms MarkObjects: 5.029700 ms  DeleteObjects: 0.534700 ms)

========================================================================
Received Prepare
Registering precompiled user dll's ...
Registered in 0.022326 seconds.
Begin MonoManager ReloadAssembly
Native extension for WindowsStandalone target not found
Refreshing native plugins compatible for Editor in 1.63 ms, found 3 plugins.
Preloading 0 native plugins for Editor in 0.00 ms.
Invoked RoslynAnalysisRunner static constructor.
RoslynAnalysisRunner will not be running.
RoslynAnalysisRunner has terminated.
RefreshInfo: StopAssetImportingV2(NoUpdateAssetOptions) scanfilter: 
RefreshProfiler: Total: 0.000ms
Mono: successfully reloaded assembly
- Completed reload, in  3.836 seconds
Platform modules already initialized, skipping
Refreshing native plugins compatible for Editor in 1.60 ms, found 3 plugins.
Preloading 0 native plugins for Editor in 0.00 ms.
Unloading 668 Unused Serialized files (Serialized files now loaded: 0)
System memory in use before: 67.8 MB.
System memory in use after: 67.8 MB.

Unloading 69 unused Assets to reduce memory usage. Loaded Objects now: 2345.
Total: 6.711100 ms (FindLiveObjects: 0.828300 ms CreateObjectMapping: 0.186400 ms MarkObjects: 5.430900 ms  DeleteObjects: 0.262200 ms)

========================================================================
Received Prepare
Registering precompiled user dll's ...
Registered in 0.005510 seconds.
Begin MonoManager ReloadAssembly
Native extension for WindowsStandalone target not found
Refreshing native plugins compatible for Editor in 1.85 ms, found 3 plugins.
Preloading 0 native plugins for Editor in 0.00 ms.
Invoked RoslynAnalysisRunner static constructor.
RoslynAnalysisRunner will not be running.
RoslynAnalysisRunner has terminated.
RefreshInfo: StopAssetImportingV2(NoUpdateAssetOptions) scanfilter: 
RefreshProfiler: Total: 0.000ms
Mono: successfully reloaded assembly
- Completed reload, in  2.713 seconds
Platform modules already initialized, skipping
Refreshing native plugins compatible for Editor in 1.61 ms, found 3 plugins.
Preloading 0 native plugins for Editor in 0.00 ms.
Unloading 668 Unused Serialized files (Serialized files now loaded: 0)
System memory in use before: 67.8 MB.
System memory in use after: 67.8 MB.

Unloading 69 unused Assets to reduce memory usage. Loaded Objects now: 2348.
Total: 6.770600 ms (FindLiveObjects: 0.576300 ms CreateObjectMapping: 0.189900 ms MarkObjects: 5.478100 ms  DeleteObjects: 0.521100 ms)

========================================================================
Received Import Request.
  Time since last request: 289.018151 seconds.
  path: Assets/Gizmos
  artifactKey: Guid(6673f19b96e894fcca179e2314ea2eb5) Importer(815301076,1909f56bfc062723c751e8b465ee728b)
Start importing Assets/Gizmos using Guid(6673f19b96e894fcca179e2314ea2eb5) Importer(815301076,1909f56bfc062723c751e8b465ee728b)  -> (artifact id: '320c67745cb85dc6b97cc8486e01cf11') in 0.013361 seconds
  Import took 0.030053 seconds .

========================================================================
Received Import Request.
  Time since last request: 5.030327 seconds.
  path: Assets/Editor Default Resources
  artifactKey: Guid(48d87810a15e245479573c1af70dcbbf) Importer(815301076,1909f56bfc062723c751e8b465ee728b)
Start importing Assets/Editor Default Resources using Guid(48d87810a15e245479573c1af70dcbbf) Importer(815301076,1909f56bfc062723c751e8b465ee728b)  -> (artifact id: 'e66799f64ec97e916d31eb5285e735db') in 0.017535 seconds
  Import took 0.029165 seconds .

========================================================================
Received Import Request.
  Time since last request: 40.603276 seconds.
  path: Assets/TextMesh Pro
  artifactKey: Guid(f54d1bd14bd3ca042bd867b519fee8cc) Importer(815301076,1909f56bfc062723c751e8b465ee728b)
Start importing Assets/TextMesh Pro using Guid(f54d1bd14bd3ca042bd867b519fee8cc) Importer(815301076,1909f56bfc062723c751e8b465ee728b)  -> (artifact id: '75675d294a40c6da1749df6770443982') in 0.012148 seconds
  Import took 0.016097 seconds .

========================================================================
Received Import Request.
  Time since last request: 5.383557 seconds.
  path: Assets/Tiles
  artifactKey: Guid(32da0075d8d425d489a5157a58bb745b) Importer(815301076,1909f56bfc062723c751e8b465ee728b)
Start importing Assets/Tiles using Guid(32da0075d8d425d489a5157a58bb745b) Importer(815301076,1909f56bfc062723c751e8b465ee728b)  -> (artifact id: '62121516cfc904a89f09348326c408a8') in 0.013681 seconds
  Import took 0.017580 seconds .

========================================================================
Received Import Request.
  Time since last request: 24.920763 seconds.
  path: Assets/Paletts
  artifactKey: Guid(4001a4af4d8802d45b115dae331270ff) Importer(815301076,1909f56bfc062723c751e8b465ee728b)
Start importing Assets/Paletts using Guid(4001a4af4d8802d45b115dae331270ff) Importer(815301076,1909f56bfc062723c751e8b465ee728b)  -> (artifact id: '93c368d62b1beea76d70914bb0c5fa8b') in 0.012398 seconds
  Import took 0.020900 seconds .

========================================================================
Received Import Request.
  Time since last request: 1.423981 seconds.
  path: Assets/Animations
  artifactKey: Guid(c415eb4010917f043a92e63f098274f1) Importer(815301076,1909f56bfc062723c751e8b465ee728b)
Start importing Assets/Animations using Guid(c415eb4010917f043a92e63f098274f1) Importer(815301076,1909f56bfc062723c751e8b465ee728b)  -> (artifact id: 'bb0b1db55513f089c097c8ad7a48d57e') in 0.020764 seconds
  Import took 0.037660 seconds .

========================================================================
Received Import Request.
  Time since last request: 1.032733 seconds.
  path: Assets/Animations/GoombA
  artifactKey: Guid(d5c2d82e13f8f2146ae3cab0fbf0f629) Importer(815301076,1909f56bfc062723c751e8b465ee728b)
Start importing Assets/Animations/GoombA using Guid(d5c2d82e13f8f2146ae3cab0fbf0f629) Importer(815301076,1909f56bfc062723c751e8b465ee728b)  -> (artifact id: '4937dc65c7199207600a3c838cbafaa4') in 0.030287 seconds
  Import took 0.043508 seconds .

========================================================================
Received Import Request.
  Time since last request: 4.313947 seconds.
  path: Assets/Animations/1_0.controller
  artifactKey: Guid(7f64c23378960af4cade40e878d4dcef) Importer(815301076,1909f56bfc062723c751e8b465ee728b)
Start importing Assets/Animations/1_0.controller using Guid(7f64c23378960af4cade40e878d4dcef) Importer(815301076,1909f56bfc062723c751e8b465ee728b)  -> (artifact id: 'c22f147a5ebd383cbfdae0b4f3dfb924') in 0.021955 seconds
  Import took 0.025796 seconds .

AssetImportWorkerClient::OnTransportError - code=2 error=End of file
