Using pre-set license
Built from '2020.2/staging' branch; Version is '2020.2.6f1 (8a2143876886) revision 9052483'; Using compiler version '192528614'; Build Type 'Release'
OS: 'Windows 10 Home; OS build 19041.804; Version 2004; 64bit' Language: 'de' Physical Memory: 8101 MB
BatchMode: 1, IsHumanControllingUs: 0, StartBugReporterOnCrash: 0, Is64bit: 1, IsPro: 0

 COMMAND LINE ARGUMENTS:
C:\Program Files\Unity\Hub\Editor\2020.2.6f1\Editor\Unity.exe
-adb2
-batchMode
-noUpm
-name
AssetImportWorker0
-projectPath
C:/Users/Silas/Documents/Unity/Odyssey 2D
-logFile
Logs/AssetImportWorker0.log
-srvPort
50451
Successfully changed project path to: C:/Users/Silas/Documents/Unity/Odyssey 2D
C:/Users/Silas/Documents/Unity/Odyssey 2D
Using Asset Import Pipeline V2.
Refreshing native plugins compatible for Editor in 38.76 ms, found 1 plugins.
Preloading 0 native plugins for Editor in 0.00 ms.
Initialize engine version: 2020.2.6f1 (8a2143876886)
[Subsystems] Discovering subsystems at path C:/Program Files/Unity/Hub/Editor/2020.2.6f1/Editor/Data/Resources/UnitySubsystems
[Subsystems] Discovering subsystems at path C:/Users/Silas/Documents/Unity/Odyssey 2D/Assets
GfxDevice: creating device client; threaded=0
Direct3D:
    Version:  Direct3D 11.0 [level 11.1]
    Renderer: Intel(R) UHD Graphics 620 (ID=0x5917)
    Vendor:   
    VRAM:     4050 MB
    Driver:   26.20.100.7323
Initialize mono
Mono path[0] = 'C:/Program Files/Unity/Hub/Editor/2020.2.6f1/Editor/Data/Managed'
Mono path[1] = 'C:/Program Files/Unity/Hub/Editor/2020.2.6f1/Editor/Data/MonoBleedingEdge/lib/mono/unityjit'
Mono config path = 'C:/Program Files/Unity/Hub/Editor/2020.2.6f1/Editor/Data/MonoBleedingEdge/etc'
Using monoOptions --debugger-agent=transport=dt_socket,embedding=1,server=y,suspend=n,address=127.0.0.1:56216
Begin MonoManager ReloadAssembly
Registering precompiled unity dll's ...
Register platform support module: C:/Program Files/Unity/Hub/Editor/2020.2.6f1/Editor/Data/PlaybackEngines/WindowsStandaloneSupport/UnityEditor.WindowsStandalone.Extensions.dll
Registered in 0.002302 seconds.
Native extension for WindowsStandalone target not found
Refreshing native plugins compatible for Editor in 43.37 ms, found 1 plugins.
Preloading 0 native plugins for Editor in 0.00 ms.
Invoked RoslynAnalysisRunner static constructor.
RoslynAnalysisRunner will not be running.
RoslynAnalysisRunner has terminated.
Mono: successfully reloaded assembly
- Completed reload, in  1.113 seconds
Platform modules already initialized, skipping
Registering precompiled user dll's ...
Registered in 0.001180 seconds.
Begin MonoManager ReloadAssembly
Native extension for WindowsStandalone target not found
Refreshing native plugins compatible for Editor in 37.16 ms, found 1 plugins.
Preloading 0 native plugins for Editor in 0.00 ms.
Invoked RoslynAnalysisRunner static constructor.
RoslynAnalysisRunner will not be running.
RoslynAnalysisRunner has terminated.
Mono: successfully reloaded assembly
- Completed reload, in  0.968 seconds
Platform modules already initialized, skipping
========================================================================
Worker process is ready to serve import requests
Launched and connected shader compiler UnityShaderCompiler.exe after 0.04 seconds
Refreshing native plugins compatible for Editor in 0.42 ms, found 1 plugins.
Preloading 0 native plugins for Editor in 0.00 ms.
Unloading 1797 Unused Serialized files (Serialized files now loaded: 0)
System memory in use before: 84.3 MB.
System memory in use after: 84.3 MB.

Unloading 24 unused Assets to reduce memory usage. Loaded Objects now: 2238.
Total: 2.305500 ms (FindLiveObjects: 0.323900 ms CreateObjectMapping: 0.105900 ms MarkObjects: 1.743200 ms  DeleteObjects: 0.131000 ms)

========================================================================
Received Import Request.
  path: Assets/Scenes
  artifactKey: Guid(26de6f7890bf0d5429fa5dfd63cbe660) Importer(815301076,1909f56bfc062723c751e8b465ee728b)
Start importing Assets/Scenes using Guid(26de6f7890bf0d5429fa5dfd63cbe660) Importer(815301076,1909f56bfc062723c751e8b465ee728b)  -> (artifact id: 'ccad150c3449aedac759bd239437cf32') in 0.014908 seconds
  Import took 0.019329 seconds .

========================================================================
Received Prepare
Refreshing native plugins compatible for Editor in 1.89 ms, found 1 plugins.
Preloading 0 native plugins for Editor in 0.00 ms.
Unloading 10 Unused Serialized files (Serialized files now loaded: 0)
System memory in use before: 48.9 MB.
System memory in use after: 48.9 MB.

Unloading 10 unused Assets to reduce memory usage. Loaded Objects now: 2238.
Total: 2.723400 ms (FindLiveObjects: 0.243100 ms CreateObjectMapping: 0.116400 ms MarkObjects: 2.267400 ms  DeleteObjects: 0.095000 ms)

========================================================================
Received Import Request.
  Time since last request: 8.762474 seconds.
  path: Assets/Sprites/dirt.png
  artifactKey: Guid(510e11417f748894ca4fcbf829c60abf) Importer(815301076,1909f56bfc062723c751e8b465ee728b)
Start importing Assets/Sprites/dirt.png using Guid(510e11417f748894ca4fcbf829c60abf) Importer(815301076,1909f56bfc062723c751e8b465ee728b)  -> (artifact id: 'f3e70f3b427b1c4a7b35936361489861') in 0.101172 seconds
  Import took 0.104920 seconds .

========================================================================
Received Import Request.
  Time since last request: 0.000333 seconds.
  path: Assets/Sprites/goomba.png
  artifactKey: Guid(d177797615364cc48a568e7e1862747e) Importer(815301076,1909f56bfc062723c751e8b465ee728b)
Start importing Assets/Sprites/goomba.png using Guid(d177797615364cc48a568e7e1862747e) Importer(815301076,1909f56bfc062723c751e8b465ee728b)  -> (artifact id: '446ab714633ba515890d396515e403e6') in 0.019110 seconds
  Import took 0.022003 seconds .

========================================================================
Received Import Request.
  Time since last request: 0.000381 seconds.
  path: Assets/Sprites/grass.png
  artifactKey: Guid(9ff02a228d2a5ba428ceac3f82b757e7) Importer(815301076,1909f56bfc062723c751e8b465ee728b)
Start importing Assets/Sprites/grass.png using Guid(9ff02a228d2a5ba428ceac3f82b757e7) Importer(815301076,1909f56bfc062723c751e8b465ee728b)  -> (artifact id: '39a4b5e38c57111de35bf34963199666') in 0.018205 seconds
  Import took 0.021241 seconds .

========================================================================
Received Import Request.
  Time since last request: 0.000345 seconds.
  path: Assets/Sprites/question.png
  artifactKey: Guid(593195752ecfed24e8891dd4bea2a772) Importer(815301076,1909f56bfc062723c751e8b465ee728b)
Start importing Assets/Sprites/question.png using Guid(593195752ecfed24e8891dd4bea2a772) Importer(815301076,1909f56bfc062723c751e8b465ee728b)  -> (artifact id: '456d2c7dd34415e906386fd591ec03b4') in 0.019886 seconds
  Import took 0.023846 seconds .

========================================================================
Received Import Request.
  Time since last request: 148.585694 seconds.
  path: Assets/Sprites/grass.png
  artifactKey: Guid(9ff02a228d2a5ba428ceac3f82b757e7) Importer(815301076,1909f56bfc062723c751e8b465ee728b)
Start importing Assets/Sprites/grass.png using Guid(9ff02a228d2a5ba428ceac3f82b757e7) Importer(815301076,1909f56bfc062723c751e8b465ee728b)  -> (artifact id: '2a753186ccfa38fb1aad218ac9d8fdbb') in 0.020848 seconds
  Import took 0.029179 seconds .

========================================================================
Received Import Request.
  Time since last request: 7.332447 seconds.
  path: Assets/Sprites/grass.png
  artifactKey: Guid(9ff02a228d2a5ba428ceac3f82b757e7) Importer(815301076,1909f56bfc062723c751e8b465ee728b)
Start importing Assets/Sprites/grass.png using Guid(9ff02a228d2a5ba428ceac3f82b757e7) Importer(815301076,1909f56bfc062723c751e8b465ee728b)  -> (artifact id: '99a31356288ecada4a3e5b4a76788491') in 0.012840 seconds
  Import took 0.016302 seconds .

========================================================================
Received Import Request.
  Time since last request: 20.515116 seconds.
  path: Assets/Sprites/grass.png
  artifactKey: Guid(9ff02a228d2a5ba428ceac3f82b757e7) Importer(815301076,1909f56bfc062723c751e8b465ee728b)
Start importing Assets/Sprites/grass.png using Guid(9ff02a228d2a5ba428ceac3f82b757e7) Importer(815301076,1909f56bfc062723c751e8b465ee728b)  -> (artifact id: 'f8bb2292759ea0669baf2da801b1fa29') in 0.011121 seconds
  Import took 0.015517 seconds .

========================================================================
Received Import Request.
  Time since last request: 7.677413 seconds.
  path: Assets/Sprites/grass.png
  artifactKey: Guid(9ff02a228d2a5ba428ceac3f82b757e7) Importer(815301076,1909f56bfc062723c751e8b465ee728b)
Start importing Assets/Sprites/grass.png using Guid(9ff02a228d2a5ba428ceac3f82b757e7) Importer(815301076,1909f56bfc062723c751e8b465ee728b)  -> (artifact id: '62fa07a47beb7a777afd3f144e436c72') in 0.012221 seconds
  Import took 0.016054 seconds .

========================================================================
Received Import Request.
  Time since last request: 10.969092 seconds.
  path: Assets/Sprites/grass.png
  artifactKey: Guid(9ff02a228d2a5ba428ceac3f82b757e7) Importer(815301076,1909f56bfc062723c751e8b465ee728b)
Start importing Assets/Sprites/grass.png using Guid(9ff02a228d2a5ba428ceac3f82b757e7) Importer(815301076,1909f56bfc062723c751e8b465ee728b)  -> (artifact id: 'eb3034c593c23dcc93b2c43ea0b99c8b') in 0.014108 seconds
  Import took 0.018525 seconds .

========================================================================
Received Import Request.
  Time since last request: 39.250546 seconds.
  path: Assets/Tiles
  artifactKey: Guid(32da0075d8d425d489a5157a58bb745b) Importer(815301076,1909f56bfc062723c751e8b465ee728b)
Start importing Assets/Tiles using Guid(32da0075d8d425d489a5157a58bb745b) Importer(815301076,1909f56bfc062723c751e8b465ee728b)  -> (artifact id: '62121516cfc904a89f09348326c408a8') in 0.009720 seconds
  Import took 0.013267 seconds .

========================================================================
Received Import Request.
  Time since last request: 0.001633 seconds.
  path: Assets/Tiles
  artifactKey: Guid(32da0075d8d425d489a5157a58bb745b) Importer(815301076,1909f56bfc062723c751e8b465ee728b)
Start importing Assets/Tiles using Guid(32da0075d8d425d489a5157a58bb745b) Importer(815301076,1909f56bfc062723c751e8b465ee728b)  -> (artifact id: '62121516cfc904a89f09348326c408a8') in 0.003014 seconds
  Import took 0.006077 seconds .

========================================================================
Received Import Request.
  Time since last request: 0.094450 seconds.
  path: Assets/Tiles/grass.asset
  artifactKey: Guid(5cc4a6905ca008e4182992d156fe6119) Importer(815301076,1909f56bfc062723c751e8b465ee728b)
Start importing Assets/Tiles/grass.asset using Guid(5cc4a6905ca008e4182992d156fe6119) Importer(815301076,1909f56bfc062723c751e8b465ee728b)  -> (artifact id: '9e832ca26334419a2ea9ae06ea24e082') in 0.089341 seconds
  Import took 0.095303 seconds .

========================================================================
Received Import Request.
  Time since last request: 84.680145 seconds.
  path: Assets/Sprites/dirt.png
  artifactKey: Guid(510e11417f748894ca4fcbf829c60abf) Importer(815301076,1909f56bfc062723c751e8b465ee728b)
Start importing Assets/Sprites/dirt.png using Guid(510e11417f748894ca4fcbf829c60abf) Importer(815301076,1909f56bfc062723c751e8b465ee728b)  -> (artifact id: 'e1b6a4af7595a821ecec3737be1617dd') in 0.011869 seconds
  Import took 0.016200 seconds .

========================================================================
Received Import Request.
  Time since last request: 19.621953 seconds.
  path: Assets/Sprites/dirt.png
  artifactKey: Guid(510e11417f748894ca4fcbf829c60abf) Importer(815301076,1909f56bfc062723c751e8b465ee728b)
Start importing Assets/Sprites/dirt.png using Guid(510e11417f748894ca4fcbf829c60abf) Importer(815301076,1909f56bfc062723c751e8b465ee728b)  -> (artifact id: '790cd84d497e1f041a6e61a5d00eeba3') in 0.014353 seconds
  Import took 0.018276 seconds .

========================================================================
Received Prepare
Registering precompiled user dll's ...
Registered in 0.001178 seconds.
Begin MonoManager ReloadAssembly
Native extension for WindowsStandalone target not found
Refreshing native plugins compatible for Editor in 0.42 ms, found 1 plugins.
Preloading 0 native plugins for Editor in 0.00 ms.
Invoked RoslynAnalysisRunner static constructor.
RoslynAnalysisRunner will not be running.
RoslynAnalysisRunner has terminated.
Mono: successfully reloaded assembly
- Completed reload, in  0.864 seconds
Platform modules already initialized, skipping
Refreshing native plugins compatible for Editor in 0.35 ms, found 1 plugins.
Preloading 0 native plugins for Editor in 0.00 ms.
Unloading 1792 Unused Serialized files (Serialized files now loaded: 0)
System memory in use before: 87.4 MB.
System memory in use after: 87.4 MB.

Unloading 12 unused Assets to reduce memory usage. Loaded Objects now: 2251.
Total: 2.083700 ms (FindLiveObjects: 0.181800 ms CreateObjectMapping: 0.071000 ms MarkObjects: 1.726300 ms  DeleteObjects: 0.103600 ms)

========================================================================
Received Prepare
Registering precompiled user dll's ...
Registered in 0.001089 seconds.
Begin MonoManager ReloadAssembly
Native extension for WindowsStandalone target not found
Refreshing native plugins compatible for Editor in 0.41 ms, found 1 plugins.
Preloading 0 native plugins for Editor in 0.00 ms.
Invoked RoslynAnalysisRunner static constructor.
RoslynAnalysisRunner will not be running.
RoslynAnalysisRunner has terminated.
Mono: successfully reloaded assembly
- Completed reload, in  0.871 seconds
Platform modules already initialized, skipping
Refreshing native plugins compatible for Editor in 0.35 ms, found 1 plugins.
Preloading 0 native plugins for Editor in 0.00 ms.
Unloading 1792 Unused Serialized files (Serialized files now loaded: 0)
System memory in use before: 87.4 MB.
System memory in use after: 87.4 MB.

Unloading 12 unused Assets to reduce memory usage. Loaded Objects now: 2254.
Total: 2.351900 ms (FindLiveObjects: 0.208300 ms CreateObjectMapping: 0.080400 ms MarkObjects: 1.940800 ms  DeleteObjects: 0.121200 ms)

========================================================================
Received Prepare
Registering precompiled user dll's ...
Registered in 0.001104 seconds.
Begin MonoManager ReloadAssembly
Native extension for WindowsStandalone target not found
Refreshing native plugins compatible for Editor in 0.41 ms, found 1 plugins.
Preloading 0 native plugins for Editor in 0.00 ms.
Invoked RoslynAnalysisRunner static constructor.
RoslynAnalysisRunner will not be running.
RoslynAnalysisRunner has terminated.
Mono: successfully reloaded assembly
- Completed reload, in  0.882 seconds
Platform modules already initialized, skipping
Refreshing native plugins compatible for Editor in 0.37 ms, found 1 plugins.
Preloading 0 native plugins for Editor in 0.00 ms.
Unloading 1792 Unused Serialized files (Serialized files now loaded: 0)
System memory in use before: 87.5 MB.
System memory in use after: 87.5 MB.

Unloading 12 unused Assets to reduce memory usage. Loaded Objects now: 2257.
Total: 2.222400 ms (FindLiveObjects: 0.190800 ms CreateObjectMapping: 0.069700 ms MarkObjects: 1.845200 ms  DeleteObjects: 0.115600 ms)

========================================================================
Received Prepare
Registering precompiled user dll's ...
Registered in 0.002306 seconds.
Begin MonoManager ReloadAssembly
Native extension for WindowsStandalone target not found
Refreshing native plugins compatible for Editor in 0.44 ms, found 1 plugins.
Preloading 0 native plugins for Editor in 0.00 ms.
Invalid AssetDatabase path: /Editor/EditorResources/cm_logo_sm.png. Use path relative to the project folder.
UnityEngine.StackTraceUtility:ExtractStackTrace ()
UnityEditor.AssetDatabase:LoadAssetAtPath<UnityEngine.Texture2D> (string)
Cinemachine.Editor.CinemachineSettings:get_CinemachineLogoTexture () (at Library/PackageCache/com.unity.cinemachine@2.6.3/Editor/Windows/CinemachineSettings.cs:205)
Cinemachine.Editor.CinemachineSettings:.cctor () (at Library/PackageCache/com.unity.cinemachine@2.6.3/Editor/Windows/CinemachineSettings.cs:237)
Cinemachine.CinemachineColliderPrefs:.cctor () (at Library/PackageCache/com.unity.cinemachine@2.6.3/Editor/Windows/CinemachineColliderPrefs.cs:61)
System.Runtime.CompilerServices.RuntimeHelpers:RunClassConstructor (System.RuntimeTypeHandle)
UnityEditor.EditorAssemblies:ProcessInitializeOnLoadAttributes (System.Type[])

[Library/PackageCache/com.unity.cinemachine@2.6.3/Editor/Windows/CinemachineSettings.cs line 205]

Invoked RoslynAnalysisRunner static constructor.
RoslynAnalysisRunner will not be running.
RoslynAnalysisRunner has terminated.
Mono: successfully reloaded assembly
- Completed reload, in  1.248 seconds
Platform modules already initialized, skipping
Refreshing native plugins compatible for Editor in 0.42 ms, found 1 plugins.
Preloading 0 native plugins for Editor in 0.00 ms.
Unloading 1938 Unused Serialized files (Serialized files now loaded: 0)
System memory in use before: 92.5 MB.
System memory in use after: 92.5 MB.

Unloading 13 unused Assets to reduce memory usage. Loaded Objects now: 2405.
Total: 3.829000 ms (FindLiveObjects: 0.308000 ms CreateObjectMapping: 0.136400 ms MarkObjects: 3.175500 ms  DeleteObjects: 0.207300 ms)

========================================================================
Received Prepare
Registering precompiled user dll's ...
Registered in 0.001515 seconds.
Begin MonoManager ReloadAssembly
Native extension for WindowsStandalone target not found
Refreshing native plugins compatible for Editor in 0.40 ms, found 1 plugins.
Preloading 0 native plugins for Editor in 0.00 ms.
Invoked RoslynAnalysisRunner static constructor.
RoslynAnalysisRunner will not be running.
RoslynAnalysisRunner has terminated.
Mono: successfully reloaded assembly
- Completed reload, in  1.153 seconds
Platform modules already initialized, skipping
Refreshing native plugins compatible for Editor in 0.45 ms, found 1 plugins.
Preloading 0 native plugins for Editor in 0.00 ms.
Unloading 1939 Unused Serialized files (Serialized files now loaded: 0)
System memory in use before: 92.6 MB.
System memory in use after: 92.6 MB.

Unloading 14 unused Assets to reduce memory usage. Loaded Objects now: 2409.
Total: 5.039600 ms (FindLiveObjects: 0.386600 ms CreateObjectMapping: 0.156400 ms MarkObjects: 4.228700 ms  DeleteObjects: 0.265100 ms)

========================================================================
Received Import Request.
  Time since last request: 916.930908 seconds.
  path: Assets/Sprites/grass.png
  artifactKey: Guid(9ff02a228d2a5ba428ceac3f82b757e7) Importer(815301076,1909f56bfc062723c751e8b465ee728b)
Start importing Assets/Sprites/grass.png using Guid(9ff02a228d2a5ba428ceac3f82b757e7) Importer(815301076,1909f56bfc062723c751e8b465ee728b)  -> (artifact id: '40ec72feefc8070bbd2a3b3839730f8a') in 0.061841 seconds
  Import took 0.066120 seconds .

========================================================================
Received Import Request.
  Time since last request: 7.090128 seconds.
  path: Assets/Sprites/dirt.png
  artifactKey: Guid(510e11417f748894ca4fcbf829c60abf) Importer(815301076,1909f56bfc062723c751e8b465ee728b)
Start importing Assets/Sprites/dirt.png using Guid(510e11417f748894ca4fcbf829c60abf) Importer(815301076,1909f56bfc062723c751e8b465ee728b)  -> (artifact id: '7fe2c27a231b78f68c7384defee5a74a') in 0.022039 seconds
  Import took 0.025498 seconds .

========================================================================
Received Import Request.
  Time since last request: 124.579215 seconds.
  path: Assets/Sprites/dirt.png
  artifactKey: Guid(510e11417f748894ca4fcbf829c60abf) Importer(815301076,1909f56bfc062723c751e8b465ee728b)
Start importing Assets/Sprites/dirt.png using Guid(510e11417f748894ca4fcbf829c60abf) Importer(815301076,1909f56bfc062723c751e8b465ee728b)  -> (artifact id: 'e8d1a4e8847104622044f55c7e9dcd30') in 0.011895 seconds
  Import took 0.017546 seconds .

========================================================================
Received Import Request.
  Time since last request: 5.856812 seconds.
  path: Assets/Sprites/grass.png
  artifactKey: Guid(9ff02a228d2a5ba428ceac3f82b757e7) Importer(815301076,1909f56bfc062723c751e8b465ee728b)
Start importing Assets/Sprites/grass.png using Guid(9ff02a228d2a5ba428ceac3f82b757e7) Importer(815301076,1909f56bfc062723c751e8b465ee728b)  -> (artifact id: '6fbf4fbc5743006cc7bbb6d98814e329') in 0.015395 seconds
  Import took 0.018842 seconds .

========================================================================
Received Import Request.
  Time since last request: 27.659218 seconds.
  path: Assets/Sprites/dirt.png
  artifactKey: Guid(510e11417f748894ca4fcbf829c60abf) Importer(815301076,1909f56bfc062723c751e8b465ee728b)
Start importing Assets/Sprites/dirt.png using Guid(510e11417f748894ca4fcbf829c60abf) Importer(815301076,1909f56bfc062723c751e8b465ee728b)  -> (artifact id: 'c5edaac77489d73a3e42a481f4eb5f65') in 0.011520 seconds
  Import took 0.015910 seconds .

========================================================================
Received Import Request.
  Time since last request: 5.718660 seconds.
  path: Assets/Sprites/dirt.png
  artifactKey: Guid(510e11417f748894ca4fcbf829c60abf) Importer(815301076,1909f56bfc062723c751e8b465ee728b)
Start importing Assets/Sprites/dirt.png using Guid(510e11417f748894ca4fcbf829c60abf) Importer(815301076,1909f56bfc062723c751e8b465ee728b)  -> (artifact id: '4c976799b6eba430ddaf7019fac3a767') in 0.011432 seconds
  Import took 0.015424 seconds .

========================================================================
Received Import Request.
  Time since last request: 36.475369 seconds.
  path: Assets/Sprites/grass.png
  artifactKey: Guid(9ff02a228d2a5ba428ceac3f82b757e7) Importer(815301076,1909f56bfc062723c751e8b465ee728b)
Start importing Assets/Sprites/grass.png using Guid(9ff02a228d2a5ba428ceac3f82b757e7) Importer(815301076,1909f56bfc062723c751e8b465ee728b)  -> (artifact id: 'e7872f7302f932b94975e1a7cb2ce313') in 0.012670 seconds
  Import took 0.017951 seconds .

========================================================================
Received Prepare
Registering precompiled user dll's ...
Registered in 0.001126 seconds.
Begin MonoManager ReloadAssembly
Native extension for WindowsStandalone target not found
Refreshing native plugins compatible for Editor in 0.48 ms, found 1 plugins.
Preloading 0 native plugins for Editor in 0.00 ms.
Invoked RoslynAnalysisRunner static constructor.
RoslynAnalysisRunner will not be running.
RoslynAnalysisRunner has terminated.
Mono: successfully reloaded assembly
- Completed reload, in  0.942 seconds
Platform modules already initialized, skipping
Refreshing native plugins compatible for Editor in 0.43 ms, found 1 plugins.
Preloading 0 native plugins for Editor in 0.00 ms.
Unloading 1939 Unused Serialized files (Serialized files now loaded: 0)
System memory in use before: 92.6 MB.
System memory in use after: 92.6 MB.

Unloading 14 unused Assets to reduce memory usage. Loaded Objects now: 2414.
Total: 4.270000 ms (FindLiveObjects: 0.305700 ms CreateObjectMapping: 0.145300 ms MarkObjects: 3.589700 ms  DeleteObjects: 0.227100 ms)

========================================================================
Received Prepare
Registering precompiled user dll's ...
Registered in 0.001173 seconds.
Begin MonoManager ReloadAssembly
Native extension for WindowsStandalone target not found
Refreshing native plugins compatible for Editor in 0.42 ms, found 1 plugins.
Preloading 0 native plugins for Editor in 0.00 ms.
Invoked RoslynAnalysisRunner static constructor.
RoslynAnalysisRunner will not be running.
RoslynAnalysisRunner has terminated.
Mono: successfully reloaded assembly
- Completed reload, in  0.883 seconds
Platform modules already initialized, skipping
Refreshing native plugins compatible for Editor in 0.36 ms, found 1 plugins.
Preloading 0 native plugins for Editor in 0.00 ms.
Unloading 1939 Unused Serialized files (Serialized files now loaded: 0)
System memory in use before: 92.6 MB.
System memory in use after: 92.6 MB.

Unloading 14 unused Assets to reduce memory usage. Loaded Objects now: 2417.
Total: 3.900300 ms (FindLiveObjects: 0.314600 ms CreateObjectMapping: 0.144300 ms MarkObjects: 3.218900 ms  DeleteObjects: 0.220500 ms)

========================================================================
Received Prepare
Registering precompiled user dll's ...
Registered in 0.001138 seconds.
Begin MonoManager ReloadAssembly
Native extension for WindowsStandalone target not found
Refreshing native plugins compatible for Editor in 0.43 ms, found 1 plugins.
Preloading 0 native plugins for Editor in 0.00 ms.
Invoked RoslynAnalysisRunner static constructor.
RoslynAnalysisRunner will not be running.
RoslynAnalysisRunner has terminated.
Mono: successfully reloaded assembly
- Completed reload, in  0.885 seconds
Platform modules already initialized, skipping
Refreshing native plugins compatible for Editor in 0.43 ms, found 1 plugins.
Preloading 0 native plugins for Editor in 0.00 ms.
Unloading 1939 Unused Serialized files (Serialized files now loaded: 0)
System memory in use before: 92.6 MB.
System memory in use after: 92.6 MB.

Unloading 14 unused Assets to reduce memory usage. Loaded Objects now: 2420.
Total: 2.339600 ms (FindLiveObjects: 0.242000 ms CreateObjectMapping: 0.064300 ms MarkObjects: 1.915200 ms  DeleteObjects: 0.116500 ms)

========================================================================
Received Prepare
Registering precompiled user dll's ...
Registered in 0.001171 seconds.
Begin MonoManager ReloadAssembly
Native extension for WindowsStandalone target not found
Refreshing native plugins compatible for Editor in 0.43 ms, found 1 plugins.
Preloading 0 native plugins for Editor in 0.00 ms.
Invoked RoslynAnalysisRunner static constructor.
RoslynAnalysisRunner will not be running.
RoslynAnalysisRunner has terminated.
Mono: successfully reloaded assembly
- Completed reload, in  0.888 seconds
Platform modules already initialized, skipping
Refreshing native plugins compatible for Editor in 0.43 ms, found 1 plugins.
Preloading 0 native plugins for Editor in 0.00 ms.
Unloading 1939 Unused Serialized files (Serialized files now loaded: 0)
System memory in use before: 92.7 MB.
System memory in use after: 92.6 MB.

Unloading 14 unused Assets to reduce memory usage. Loaded Objects now: 2423.
Total: 2.541200 ms (FindLiveObjects: 0.222000 ms CreateObjectMapping: 0.083700 ms MarkObjects: 2.060700 ms  DeleteObjects: 0.173400 ms)

========================================================================
Received Import Request.
  Time since last request: 218.244900 seconds.
  path: Assets/Scripts/Fps.cs
  artifactKey: Guid(aaf97849e3d12eb4da5d3d4ec386daa9) Importer(815301076,1909f56bfc062723c751e8b465ee728b)
Start importing Assets/Scripts/Fps.cs using Guid(aaf97849e3d12eb4da5d3d4ec386daa9) Importer(815301076,1909f56bfc062723c751e8b465ee728b)  -> (artifact id: '6d86bd9c53cfc94ebf7ac30fdb8a56bd') in 0.014977 seconds
  Import took 0.018435 seconds .

========================================================================
Received Prepare
Registering precompiled user dll's ...
Registered in 0.001132 seconds.
Begin MonoManager ReloadAssembly
Native extension for WindowsStandalone target not found
Refreshing native plugins compatible for Editor in 0.69 ms, found 1 plugins.
Preloading 0 native plugins for Editor in 0.00 ms.
Invoked RoslynAnalysisRunner static constructor.
RoslynAnalysisRunner will not be running.
RoslynAnalysisRunner has terminated.
Mono: successfully reloaded assembly
- Completed reload, in  1.847 seconds
Platform modules already initialized, skipping
Refreshing native plugins compatible for Editor in 0.45 ms, found 1 plugins.
Preloading 0 native plugins for Editor in 0.00 ms.
Unloading 1939 Unused Serialized files (Serialized files now loaded: 0)
System memory in use before: 92.7 MB.
System memory in use after: 92.6 MB.

Unloading 14 unused Assets to reduce memory usage. Loaded Objects now: 2426.
Total: 4.080700 ms (FindLiveObjects: 0.355300 ms CreateObjectMapping: 0.132200 ms MarkObjects: 3.379700 ms  DeleteObjects: 0.211400 ms)

========================================================================
Received Import Request.
  Time since last request: 33.173835 seconds.
  path: Assets/Scripts/Fps.cs
  artifactKey: Guid(aaf97849e3d12eb4da5d3d4ec386daa9) Importer(815301076,1909f56bfc062723c751e8b465ee728b)
Start importing Assets/Scripts/Fps.cs using Guid(aaf97849e3d12eb4da5d3d4ec386daa9) Importer(815301076,1909f56bfc062723c751e8b465ee728b)  -> (artifact id: 'c95727d78bf67066e650c1ac06d408c9') in 0.010116 seconds
  Import took 0.014062 seconds .

========================================================================
Received Prepare
Registering precompiled user dll's ...
Registered in 0.001482 seconds.
Begin MonoManager ReloadAssembly
Native extension for WindowsStandalone target not found
Refreshing native plugins compatible for Editor in 0.44 ms, found 1 plugins.
Preloading 0 native plugins for Editor in 0.00 ms.
Invoked RoslynAnalysisRunner static constructor.
RoslynAnalysisRunner will not be running.
RoslynAnalysisRunner has terminated.
Mono: successfully reloaded assembly
- Completed reload, in  0.892 seconds
Platform modules already initialized, skipping
Refreshing native plugins compatible for Editor in 0.44 ms, found 1 plugins.
Preloading 0 native plugins for Editor in 0.00 ms.
Unloading 1939 Unused Serialized files (Serialized files now loaded: 0)
System memory in use before: 92.7 MB.
System memory in use after: 92.6 MB.

Unloading 14 unused Assets to reduce memory usage. Loaded Objects now: 2429.
Total: 3.665700 ms (FindLiveObjects: 0.334200 ms CreateObjectMapping: 0.128000 ms MarkObjects: 3.025700 ms  DeleteObjects: 0.176100 ms)

========================================================================
Received Import Request.
  Time since last request: 25.117316 seconds.
  path: Assets/Scripts/Fps.cs
  artifactKey: Guid(aaf97849e3d12eb4da5d3d4ec386daa9) Importer(815301076,1909f56bfc062723c751e8b465ee728b)
Start importing Assets/Scripts/Fps.cs using Guid(aaf97849e3d12eb4da5d3d4ec386daa9) Importer(815301076,1909f56bfc062723c751e8b465ee728b)  -> (artifact id: '7fd6edecc9591d8fb3e81b33f3282d41') in 0.011789 seconds
  Import took 0.015356 seconds .

========================================================================
Received Prepare
Registering precompiled user dll's ...
Registered in 0.001205 seconds.
Begin MonoManager ReloadAssembly
Native extension for WindowsStandalone target not found
Refreshing native plugins compatible for Editor in 0.41 ms, found 1 plugins.
Preloading 0 native plugins for Editor in 0.00 ms.
Invoked RoslynAnalysisRunner static constructor.
RoslynAnalysisRunner will not be running.
RoslynAnalysisRunner has terminated.
Mono: successfully reloaded assembly
- Completed reload, in  0.928 seconds
Platform modules already initialized, skipping
Refreshing native plugins compatible for Editor in 0.43 ms, found 1 plugins.
Preloading 0 native plugins for Editor in 0.00 ms.
Unloading 1939 Unused Serialized files (Serialized files now loaded: 0)
System memory in use before: 92.7 MB.
System memory in use after: 92.7 MB.

Unloading 14 unused Assets to reduce memory usage. Loaded Objects now: 2432.
Total: 2.451700 ms (FindLiveObjects: 0.214900 ms CreateObjectMapping: 0.078100 ms MarkObjects: 2.036300 ms  DeleteObjects: 0.121400 ms)

========================================================================
Received Prepare
Registering precompiled user dll's ...
Registered in 0.001172 seconds.
Begin MonoManager ReloadAssembly
Native extension for WindowsStandalone target not found
Refreshing native plugins compatible for Editor in 0.43 ms, found 1 plugins.
Preloading 0 native plugins for Editor in 0.00 ms.
Invoked RoslynAnalysisRunner static constructor.
RoslynAnalysisRunner will not be running.
RoslynAnalysisRunner has terminated.
Mono: successfully reloaded assembly
- Completed reload, in  0.898 seconds
Platform modules already initialized, skipping
Refreshing native plugins compatible for Editor in 0.38 ms, found 1 plugins.
Preloading 0 native plugins for Editor in 0.00 ms.
Unloading 1939 Unused Serialized files (Serialized files now loaded: 0)
System memory in use before: 92.7 MB.
System memory in use after: 92.7 MB.

Unloading 14 unused Assets to reduce memory usage. Loaded Objects now: 2435.
Total: 2.339400 ms (FindLiveObjects: 0.205100 ms CreateObjectMapping: 0.076000 ms MarkObjects: 1.932200 ms  DeleteObjects: 0.124700 ms)

========================================================================
Received Import Request.
  Time since last request: 104.533403 seconds.
  path: Assets/Sprites/question.png
  artifactKey: Guid(593195752ecfed24e8891dd4bea2a772) Importer(815301076,1909f56bfc062723c751e8b465ee728b)
Start importing Assets/Sprites/question.png using Guid(593195752ecfed24e8891dd4bea2a772) Importer(815301076,1909f56bfc062723c751e8b465ee728b)  -> (artifact id: 'c22cb62e496645ca0af6af002adde50a') in 0.059546 seconds
  Import took 0.063149 seconds .

========================================================================
Received Import Request.
  Time since last request: 9.947599 seconds.
  path: Assets/Sprites/question.png
  artifactKey: Guid(593195752ecfed24e8891dd4bea2a772) Importer(815301076,1909f56bfc062723c751e8b465ee728b)
Start importing Assets/Sprites/question.png using Guid(593195752ecfed24e8891dd4bea2a772) Importer(815301076,1909f56bfc062723c751e8b465ee728b)  -> (artifact id: '0e76fc8f9b9cb055f7d4c8606a2aadb7') in 0.010844 seconds
  Import took 0.016207 seconds .

========================================================================
Received Import Request.
  Time since last request: 132.758163 seconds.
  path: Assets/Scripts/Questionmark.cs
  artifactKey: Guid(a3760eed89b533a4fbe8b5621424ca73) Importer(815301076,1909f56bfc062723c751e8b465ee728b)
Start importing Assets/Scripts/Questionmark.cs using Guid(a3760eed89b533a4fbe8b5621424ca73) Importer(815301076,1909f56bfc062723c751e8b465ee728b)  -> (artifact id: '0ba14dfad85958ef583017c19c156a79') in 0.010352 seconds
  Import took 0.014742 seconds .

========================================================================
Received Prepare
Registering precompiled user dll's ...
Registered in 0.001129 seconds.
Begin MonoManager ReloadAssembly
Native extension for WindowsStandalone target not found
Refreshing native plugins compatible for Editor in 0.50 ms, found 1 plugins.
Preloading 0 native plugins for Editor in 0.00 ms.
Invoked RoslynAnalysisRunner static constructor.
RoslynAnalysisRunner will not be running.
RoslynAnalysisRunner has terminated.
Mono: successfully reloaded assembly
- Completed reload, in  0.989 seconds
Platform modules already initialized, skipping
Refreshing native plugins compatible for Editor in 0.38 ms, found 1 plugins.
Preloading 0 native plugins for Editor in 0.00 ms.
Unloading 1940 Unused Serialized files (Serialized files now loaded: 0)
System memory in use before: 92.7 MB.
System memory in use after: 92.7 MB.

Unloading 14 unused Assets to reduce memory usage. Loaded Objects now: 2440.
Total: 3.918600 ms (FindLiveObjects: 0.319900 ms CreateObjectMapping: 0.144600 ms MarkObjects: 3.226400 ms  DeleteObjects: 0.225800 ms)

========================================================================
Received Prepare
Registering precompiled user dll's ...
Registered in 0.001118 seconds.
Begin MonoManager ReloadAssembly
Native extension for WindowsStandalone target not found
Refreshing native plugins compatible for Editor in 0.43 ms, found 1 plugins.
Preloading 0 native plugins for Editor in 0.00 ms.
Invoked RoslynAnalysisRunner static constructor.
RoslynAnalysisRunner will not be running.
RoslynAnalysisRunner has terminated.
Mono: successfully reloaded assembly
- Completed reload, in  0.885 seconds
Platform modules already initialized, skipping
Refreshing native plugins compatible for Editor in 0.36 ms, found 1 plugins.
Preloading 0 native plugins for Editor in 0.00 ms.
Unloading 1940 Unused Serialized files (Serialized files now loaded: 0)
System memory in use before: 92.7 MB.
System memory in use after: 92.7 MB.

Unloading 14 unused Assets to reduce memory usage. Loaded Objects now: 2443.
Total: 3.979800 ms (FindLiveObjects: 0.305900 ms CreateObjectMapping: 0.146600 ms MarkObjects: 3.310600 ms  DeleteObjects: 0.214300 ms)

========================================================================
Received Import Request.
  Time since last request: 294.534448 seconds.
  path: Assets/Tiles/dirt.asset
  artifactKey: Guid(5ee043fcf596c2440b78f0d5137e2a87) Importer(815301076,1909f56bfc062723c751e8b465ee728b)
Start importing Assets/Tiles/dirt.asset using Guid(5ee043fcf596c2440b78f0d5137e2a87) Importer(815301076,1909f56bfc062723c751e8b465ee728b)  -> (artifact id: '0e65a3fe7213d31c3256d28858abb0c1') in 0.053460 seconds
  Import took 0.062364 seconds .

========================================================================
Received Import Request.
  Time since last request: 0.000359 seconds.
  path: Assets/Tiles/question.asset
  artifactKey: Guid(4c9a86c6c4ead48489c4e1d55e09e6cd) Importer(815301076,1909f56bfc062723c751e8b465ee728b)
Start importing Assets/Tiles/question.asset using Guid(4c9a86c6c4ead48489c4e1d55e09e6cd) Importer(815301076,1909f56bfc062723c751e8b465ee728b)  -> (artifact id: 'df2b693ff60ae7cbd4bb657110cde9b2') in 0.024143 seconds
  Import took 0.027443 seconds .

========================================================================
Received Prepare
Registering precompiled user dll's ...
Registered in 0.001112 seconds.
Begin MonoManager ReloadAssembly
Native extension for WindowsStandalone target not found
Refreshing native plugins compatible for Editor in 0.48 ms, found 1 plugins.
Preloading 0 native plugins for Editor in 0.00 ms.
Invoked RoslynAnalysisRunner static constructor.
RoslynAnalysisRunner will not be running.
RoslynAnalysisRunner has terminated.
Mono: successfully reloaded assembly
- Completed reload, in  0.871 seconds
Platform modules already initialized, skipping
Refreshing native plugins compatible for Editor in 0.43 ms, found 1 plugins.
Preloading 0 native plugins for Editor in 0.00 ms.
Unloading 1940 Unused Serialized files (Serialized files now loaded: 0)
System memory in use before: 92.8 MB.
System memory in use after: 92.7 MB.

Unloading 14 unused Assets to reduce memory usage. Loaded Objects now: 2447.
Total: 4.612400 ms (FindLiveObjects: 0.342900 ms CreateObjectMapping: 0.132800 ms MarkObjects: 3.842800 ms  DeleteObjects: 0.291500 ms)

========================================================================
Received Import Request.
  Time since last request: 623.866651 seconds.
  path: Assets/Prefabs
  artifactKey: Guid(ed775df4dd2d1e44398d38011bfdcff5) Importer(815301076,1909f56bfc062723c751e8b465ee728b)
Start importing Assets/Prefabs using Guid(ed775df4dd2d1e44398d38011bfdcff5) Importer(815301076,1909f56bfc062723c751e8b465ee728b)  -> (artifact id: '22e01720a56b95f53fd3cf51a7a417f9') in 0.013493 seconds
  Import took 0.017707 seconds .

========================================================================
Received Import Request.
  Time since last request: 72.653812 seconds.
  path: ProjectSettings/TagManager.asset
  artifactKey: Guid(00000000000000003000000000000000) Importer(815301076,1909f56bfc062723c751e8b465ee728b)
Start importing ProjectSettings/TagManager.asset using Guid(00000000000000003000000000000000) Importer(815301076,1909f56bfc062723c751e8b465ee728b)  -> (artifact id: 'c5c7c0f1c57aafc77d5b887ee83fde8f') in 0.019611 seconds
  Import took 0.023405 seconds .

========================================================================
Received Import Request.
  Time since last request: 23.831062 seconds.
  path: Assets/Prefabs/Player.prefab
  artifactKey: Guid(9aaf193dcf2bf724eae286ee434d0226) Importer(815301076,1909f56bfc062723c751e8b465ee728b)
Start importing Assets/Prefabs/Player.prefab using Guid(9aaf193dcf2bf724eae286ee434d0226) Importer(815301076,1909f56bfc062723c751e8b465ee728b)  -> (artifact id: '00bf1689026ca2ddc0a7f71f2ab64f87') in 0.079776 seconds
  Import took 0.083714 seconds .

========================================================================
Received Prepare
Registering precompiled user dll's ...
Registered in 0.001213 seconds.
Begin MonoManager ReloadAssembly
Native extension for WindowsStandalone target not found
Refreshing native plugins compatible for Editor in 0.38 ms, found 1 plugins.
Preloading 0 native plugins for Editor in 0.00 ms.
Invoked RoslynAnalysisRunner static constructor.
RoslynAnalysisRunner will not be running.
RoslynAnalysisRunner has terminated.
Mono: successfully reloaded assembly
- Completed reload, in  0.894 seconds
Platform modules already initialized, skipping
Refreshing native plugins compatible for Editor in 0.43 ms, found 1 plugins.
Preloading 0 native plugins for Editor in 0.00 ms.
Unloading 1940 Unused Serialized files (Serialized files now loaded: 0)
System memory in use before: 92.8 MB.
System memory in use after: 92.8 MB.

Unloading 15 unused Assets to reduce memory usage. Loaded Objects now: 2455.
Total: 3.887600 ms (FindLiveObjects: 0.315200 ms CreateObjectMapping: 0.150500 ms MarkObjects: 3.213900 ms  DeleteObjects: 0.206000 ms)

========================================================================
Received Import Request.
  Time since last request: 149.222822 seconds.
  path: Assets/Prefabs/question.prefab
  artifactKey: Guid(eff4d3d6362a1fb45b3b6909cc851f55) Importer(815301076,1909f56bfc062723c751e8b465ee728b)
Start importing Assets/Prefabs/question.prefab using Guid(eff4d3d6362a1fb45b3b6909cc851f55) Importer(815301076,1909f56bfc062723c751e8b465ee728b)  -> (artifact id: 'b39509f5d859468cc7a4d2f5ef5279a4') in 0.066384 seconds
  Import took 0.070526 seconds .

========================================================================
Received Import Request.
  Time since last request: 0.010603 seconds.
  path: Assets/Prefabs/question.prefab
  artifactKey: Guid(eff4d3d6362a1fb45b3b6909cc851f55) Importer(815301076,1909f56bfc062723c751e8b465ee728b)
Start importing Assets/Prefabs/question.prefab using Guid(eff4d3d6362a1fb45b3b6909cc851f55) Importer(815301076,1909f56bfc062723c751e8b465ee728b)  -> (artifact id: 'b39509f5d859468cc7a4d2f5ef5279a4') in 0.012855 seconds
  Import took 0.017098 seconds .

========================================================================
Received Prepare
Registering precompiled user dll's ...
Registered in 0.001115 seconds.
Begin MonoManager ReloadAssembly
Native extension for WindowsStandalone target not found
Refreshing native plugins compatible for Editor in 0.44 ms, found 1 plugins.
Preloading 0 native plugins for Editor in 0.00 ms.
Invoked RoslynAnalysisRunner static constructor.
RoslynAnalysisRunner will not be running.
RoslynAnalysisRunner has terminated.
Mono: successfully reloaded assembly
- Completed reload, in  0.899 seconds
Platform modules already initialized, skipping
Refreshing native plugins compatible for Editor in 0.38 ms, found 1 plugins.
Preloading 0 native plugins for Editor in 0.00 ms.
Unloading 1940 Unused Serialized files (Serialized files now loaded: 0)
System memory in use before: 92.8 MB.
System memory in use after: 92.8 MB.

Unloading 14 unused Assets to reduce memory usage. Loaded Objects now: 2459.
Total: 2.709500 ms (FindLiveObjects: 0.249300 ms CreateObjectMapping: 0.093700 ms MarkObjects: 2.231500 ms  DeleteObjects: 0.133500 ms)

========================================================================
Received Prepare
Registering precompiled user dll's ...
Registered in 0.001218 seconds.
Begin MonoManager ReloadAssembly
Native extension for WindowsStandalone target not found
Refreshing native plugins compatible for Editor in 0.44 ms, found 1 plugins.
Preloading 0 native plugins for Editor in 0.00 ms.
Invoked RoslynAnalysisRunner static constructor.
RoslynAnalysisRunner will not be running.
RoslynAnalysisRunner has terminated.
Mono: successfully reloaded assembly
- Completed reload, in  0.914 seconds
Platform modules already initialized, skipping
Refreshing native plugins compatible for Editor in 0.52 ms, found 1 plugins.
Preloading 0 native plugins for Editor in 0.00 ms.
Unloading 1940 Unused Serialized files (Serialized files now loaded: 0)
System memory in use before: 92.8 MB.
System memory in use after: 92.8 MB.

Unloading 14 unused Assets to reduce memory usage. Loaded Objects now: 2462.
Total: 4.244700 ms (FindLiveObjects: 0.310800 ms CreateObjectMapping: 0.138600 ms MarkObjects: 3.468200 ms  DeleteObjects: 0.324400 ms)

========================================================================
Received Import Request.
  Time since last request: 350.421878 seconds.
  path: Assets/Sprites/goomba.png
  artifactKey: Guid(d177797615364cc48a568e7e1862747e) Importer(815301076,1909f56bfc062723c751e8b465ee728b)
Start importing Assets/Sprites/goomba.png using Guid(d177797615364cc48a568e7e1862747e) Importer(815301076,1909f56bfc062723c751e8b465ee728b)  -> (artifact id: 'bcea99c9b8dee72238ec99a52d0f0ecc') in 0.044067 seconds
  Import took 0.047688 seconds .

========================================================================
Received Import Request.
  Time since last request: 3.376100 seconds.
  path: Assets/Sprites/goomba.png
  artifactKey: Guid(d177797615364cc48a568e7e1862747e) Importer(815301076,1909f56bfc062723c751e8b465ee728b)
Start importing Assets/Sprites/goomba.png using Guid(d177797615364cc48a568e7e1862747e) Importer(815301076,1909f56bfc062723c751e8b465ee728b)  -> (artifact id: '5093c4f6da963e7eee7293527af4df17') in 0.008247 seconds
  Import took 0.012020 seconds .

========================================================================
Received Import Request.
  Time since last request: 21.996950 seconds.
  path: Assets/Sprites/goomba.png
  artifactKey: Guid(d177797615364cc48a568e7e1862747e) Importer(815301076,1909f56bfc062723c751e8b465ee728b)
Start importing Assets/Sprites/goomba.png using Guid(d177797615364cc48a568e7e1862747e) Importer(815301076,1909f56bfc062723c751e8b465ee728b)  -> (artifact id: '9e6ad51f078ed7a73baa81d28441c1b4') in 0.037507 seconds
  Import took 0.041809 seconds .

========================================================================
Received Import Request.
  Time since last request: 78.364023 seconds.
  path: Assets/Sprites/goomba.png
  artifactKey: Guid(d177797615364cc48a568e7e1862747e) Importer(815301076,1909f56bfc062723c751e8b465ee728b)
Start importing Assets/Sprites/goomba.png using Guid(d177797615364cc48a568e7e1862747e) Importer(815301076,1909f56bfc062723c751e8b465ee728b)  -> (artifact id: '00cdb6ea16f5ec647263297cca801a74') in 0.019082 seconds
  Import took 0.022465 seconds .

========================================================================
Received Import Request.
  Time since last request: 17.053169 seconds.
  path: Assets/Sprites/goomba.png
  artifactKey: Guid(d177797615364cc48a568e7e1862747e) Importer(815301076,1909f56bfc062723c751e8b465ee728b)
Start importing Assets/Sprites/goomba.png using Guid(d177797615364cc48a568e7e1862747e) Importer(815301076,1909f56bfc062723c751e8b465ee728b)  -> (artifact id: '67e9c414fa7fea0a7140d7438a63fb37') in 0.020795 seconds
  Import took 0.025012 seconds .

========================================================================
Received Import Request.
  Time since last request: 8.186906 seconds.
  path: Assets/Sprites/goomba.png
  artifactKey: Guid(d177797615364cc48a568e7e1862747e) Importer(815301076,1909f56bfc062723c751e8b465ee728b)
Start importing Assets/Sprites/goomba.png using Guid(d177797615364cc48a568e7e1862747e) Importer(815301076,1909f56bfc062723c751e8b465ee728b)  -> (artifact id: 'c72ea443c2e45703bf0396eab015a3bb') in 0.019759 seconds
  Import took 0.025292 seconds .

========================================================================
Received Prepare
Registering precompiled user dll's ...
Registered in 0.001140 seconds.
Begin MonoManager ReloadAssembly
Native extension for WindowsStandalone target not found
Refreshing native plugins compatible for Editor in 0.38 ms, found 1 plugins.
Preloading 0 native plugins for Editor in 0.00 ms.
Invoked RoslynAnalysisRunner static constructor.
RoslynAnalysisRunner will not be running.
RoslynAnalysisRunner has terminated.
Mono: successfully reloaded assembly
- Completed reload, in  0.932 seconds
Platform modules already initialized, skipping
Refreshing native plugins compatible for Editor in 0.39 ms, found 1 plugins.
Preloading 0 native plugins for Editor in 0.00 ms.
Unloading 1941 Unused Serialized files (Serialized files now loaded: 0)
System memory in use before: 92.9 MB.
System memory in use after: 92.8 MB.

Unloading 14 unused Assets to reduce memory usage. Loaded Objects now: 2467.
Total: 2.614900 ms (FindLiveObjects: 0.262500 ms CreateObjectMapping: 0.089800 ms MarkObjects: 2.125800 ms  DeleteObjects: 0.135600 ms)

========================================================================
Received Import Request.
  Time since last request: 110.455825 seconds.
  path: Assets/Scripts/Gegner.cs
  artifactKey: Guid(d9d04cdec705ef14590fa949f4eacec8) Importer(815301076,1909f56bfc062723c751e8b465ee728b)
Start importing Assets/Scripts/Gegner.cs using Guid(d9d04cdec705ef14590fa949f4eacec8) Importer(815301076,1909f56bfc062723c751e8b465ee728b)  -> (artifact id: '1b73e1c2cfc4ca35c0c7480cab4e413e') in 0.012794 seconds
  Import took 0.017512 seconds .

========================================================================
Received Import Request.
  Time since last request: 0.021670 seconds.
  path: Assets/Scripts/Gegner.cs
  artifactKey: Guid(d9d04cdec705ef14590fa949f4eacec8) Importer(815301076,1909f56bfc062723c751e8b465ee728b)
Start importing Assets/Scripts/Gegner.cs using Guid(d9d04cdec705ef14590fa949f4eacec8) Importer(815301076,1909f56bfc062723c751e8b465ee728b)  -> (artifact id: '1b73e1c2cfc4ca35c0c7480cab4e413e') in 0.004733 seconds
  Import took 0.009146 seconds .

========================================================================
Received Prepare
Registering precompiled user dll's ...
Registered in 0.001179 seconds.
Begin MonoManager ReloadAssembly
Native extension for WindowsStandalone target not found
Refreshing native plugins compatible for Editor in 0.44 ms, found 1 plugins.
Preloading 0 native plugins for Editor in 0.00 ms.
Invoked RoslynAnalysisRunner static constructor.
RoslynAnalysisRunner will not be running.
RoslynAnalysisRunner has terminated.
Mono: successfully reloaded assembly
- Completed reload, in  0.902 seconds
Platform modules already initialized, skipping
Refreshing native plugins compatible for Editor in 0.39 ms, found 1 plugins.
Preloading 0 native plugins for Editor in 0.00 ms.
Unloading 1941 Unused Serialized files (Serialized files now loaded: 0)
System memory in use before: 92.9 MB.
System memory in use after: 92.9 MB.

Unloading 14 unused Assets to reduce memory usage. Loaded Objects now: 2470.
Total: 2.440200 ms (FindLiveObjects: 0.200200 ms CreateObjectMapping: 0.080400 ms MarkObjects: 2.035200 ms  DeleteObjects: 0.123400 ms)

========================================================================
Received Prepare
Registering precompiled user dll's ...
Registered in 0.001118 seconds.
Begin MonoManager ReloadAssembly
Native extension for WindowsStandalone target not found
Refreshing native plugins compatible for Editor in 0.40 ms, found 1 plugins.
Preloading 0 native plugins for Editor in 0.00 ms.
Invoked RoslynAnalysisRunner static constructor.
RoslynAnalysisRunner will not be running.
RoslynAnalysisRunner has terminated.
Mono: successfully reloaded assembly
- Completed reload, in  0.879 seconds
Platform modules already initialized, skipping
Refreshing native plugins compatible for Editor in 0.41 ms, found 1 plugins.
Preloading 0 native plugins for Editor in 0.00 ms.
Unloading 1941 Unused Serialized files (Serialized files now loaded: 0)
System memory in use before: 92.9 MB.
System memory in use after: 92.9 MB.

Unloading 14 unused Assets to reduce memory usage. Loaded Objects now: 2473.
Total: 2.529600 ms (FindLiveObjects: 0.240400 ms CreateObjectMapping: 0.084400 ms MarkObjects: 2.067300 ms  DeleteObjects: 0.136300 ms)

========================================================================
Received Prepare
Registering precompiled user dll's ...
Registered in 0.001117 seconds.
Begin MonoManager ReloadAssembly
Native extension for WindowsStandalone target not found
Refreshing native plugins compatible for Editor in 0.43 ms, found 1 plugins.
Preloading 0 native plugins for Editor in 0.00 ms.
Invoked RoslynAnalysisRunner static constructor.
RoslynAnalysisRunner will not be running.
RoslynAnalysisRunner has terminated.
Mono: successfully reloaded assembly
- Completed reload, in  0.874 seconds
Platform modules already initialized, skipping
Refreshing native plugins compatible for Editor in 0.39 ms, found 1 plugins.
Preloading 0 native plugins for Editor in 0.00 ms.
Unloading 1941 Unused Serialized files (Serialized files now loaded: 0)
System memory in use before: 92.9 MB.
System memory in use after: 92.9 MB.

Unloading 14 unused Assets to reduce memory usage. Loaded Objects now: 2476.
Total: 2.608300 ms (FindLiveObjects: 0.214000 ms CreateObjectMapping: 0.073800 ms MarkObjects: 2.192500 ms  DeleteObjects: 0.127100 ms)

========================================================================
Received Prepare
Registering precompiled user dll's ...
Registered in 0.001102 seconds.
Begin MonoManager ReloadAssembly
Native extension for WindowsStandalone target not found
Refreshing native plugins compatible for Editor in 0.47 ms, found 1 plugins.
Preloading 0 native plugins for Editor in 0.00 ms.
Invoked RoslynAnalysisRunner static constructor.
RoslynAnalysisRunner will not be running.
RoslynAnalysisRunner has terminated.
Mono: successfully reloaded assembly
- Completed reload, in  0.880 seconds
Platform modules already initialized, skipping
Refreshing native plugins compatible for Editor in 0.38 ms, found 1 plugins.
Preloading 0 native plugins for Editor in 0.00 ms.
Unloading 1941 Unused Serialized files (Serialized files now loaded: 0)
System memory in use before: 92.9 MB.
System memory in use after: 92.9 MB.

Unloading 14 unused Assets to reduce memory usage. Loaded Objects now: 2479.
Total: 2.441800 ms (FindLiveObjects: 0.213400 ms CreateObjectMapping: 0.084300 ms MarkObjects: 2.023900 ms  DeleteObjects: 0.119200 ms)

========================================================================
Received Prepare
Registering precompiled user dll's ...
Registered in 0.001187 seconds.
Begin MonoManager ReloadAssembly
Native extension for WindowsStandalone target not found
Refreshing native plugins compatible for Editor in 0.42 ms, found 1 plugins.
Preloading 0 native plugins for Editor in 0.00 ms.
Invoked RoslynAnalysisRunner static constructor.
RoslynAnalysisRunner will not be running.
RoslynAnalysisRunner has terminated.
Mono: successfully reloaded assembly
- Completed reload, in  0.867 seconds
Platform modules already initialized, skipping
Refreshing native plugins compatible for Editor in 0.36 ms, found 1 plugins.
Preloading 0 native plugins for Editor in 0.00 ms.
Unloading 1941 Unused Serialized files (Serialized files now loaded: 0)
System memory in use before: 92.9 MB.
System memory in use after: 92.9 MB.

Unloading 14 unused Assets to reduce memory usage. Loaded Objects now: 2482.
Total: 2.284800 ms (FindLiveObjects: 0.193700 ms CreateObjectMapping: 0.075200 ms MarkObjects: 1.888800 ms  DeleteObjects: 0.125600 ms)

========================================================================
Received Import Request.
  Time since last request: 375.104640 seconds.
  path: Assets/Scripts/jump.anim
  artifactKey: Guid(bf54cc31410a89944acfe30d414d72ca) Importer(815301076,1909f56bfc062723c751e8b465ee728b)
Start importing Assets/Scripts/jump.anim using Guid(bf54cc31410a89944acfe30d414d72ca) Importer(815301076,1909f56bfc062723c751e8b465ee728b)  -> (artifact id: 'f9a21a7c6c7a223398f7001d01efa901') in 0.020915 seconds
  Import took 0.025376 seconds .

========================================================================
Received Import Request.
  Time since last request: 0.004236 seconds.
  path: Assets/Scripts/jump.anim
  artifactKey: Guid(bf54cc31410a89944acfe30d414d72ca) Importer(815301076,1909f56bfc062723c751e8b465ee728b)
Start importing Assets/Scripts/jump.anim using Guid(bf54cc31410a89944acfe30d414d72ca) Importer(815301076,1909f56bfc062723c751e8b465ee728b)  -> (artifact id: 'f9a21a7c6c7a223398f7001d01efa901') in 0.004304 seconds
  Import took 0.008603 seconds .

========================================================================
Received Prepare
Registering precompiled user dll's ...
Registered in 0.001111 seconds.
Begin MonoManager ReloadAssembly
Native extension for WindowsStandalone target not found
Refreshing native plugins compatible for Editor in 0.43 ms, found 1 plugins.
Preloading 0 native plugins for Editor in 0.00 ms.
Invoked RoslynAnalysisRunner static constructor.
RoslynAnalysisRunner will not be running.
RoslynAnalysisRunner has terminated.
Mono: successfully reloaded assembly
- Completed reload, in  0.896 seconds
Platform modules already initialized, skipping
Refreshing native plugins compatible for Editor in 0.39 ms, found 1 plugins.
Preloading 0 native plugins for Editor in 0.00 ms.
Unloading 1941 Unused Serialized files (Serialized files now loaded: 0)
System memory in use before: 92.9 MB.
System memory in use after: 92.9 MB.

Unloading 14 unused Assets to reduce memory usage. Loaded Objects now: 2485.
Total: 2.291300 ms (FindLiveObjects: 0.210900 ms CreateObjectMapping: 0.090400 ms MarkObjects: 1.867300 ms  DeleteObjects: 0.121800 ms)

========================================================================
Received Prepare
Registering precompiled user dll's ...
Registered in 0.001118 seconds.
Begin MonoManager ReloadAssembly
Native extension for WindowsStandalone target not found
Refreshing native plugins compatible for Editor in 0.43 ms, found 1 plugins.
Preloading 0 native plugins for Editor in 0.00 ms.
Invoked RoslynAnalysisRunner static constructor.
RoslynAnalysisRunner will not be running.
RoslynAnalysisRunner has terminated.
Mono: successfully reloaded assembly
- Completed reload, in  0.891 seconds
Platform modules already initialized, skipping
Refreshing native plugins compatible for Editor in 0.38 ms, found 1 plugins.
Preloading 0 native plugins for Editor in 0.00 ms.
Unloading 1941 Unused Serialized files (Serialized files now loaded: 0)
System memory in use before: 92.9 MB.
System memory in use after: 92.9 MB.

Unloading 14 unused Assets to reduce memory usage. Loaded Objects now: 2488.
Total: 2.580300 ms (FindLiveObjects: 0.221200 ms CreateObjectMapping: 0.080600 ms MarkObjects: 2.152900 ms  DeleteObjects: 0.124500 ms)

========================================================================
Received Prepare
Registering precompiled user dll's ...
Registered in 0.001134 seconds.
Begin MonoManager ReloadAssembly
Native extension for WindowsStandalone target not found
Refreshing native plugins compatible for Editor in 0.65 ms, found 1 plugins.
Preloading 0 native plugins for Editor in 0.00 ms.
Invoked RoslynAnalysisRunner static constructor.
RoslynAnalysisRunner will not be running.
RoslynAnalysisRunner has terminated.
Mono: successfully reloaded assembly
- Completed reload, in  1.067 seconds
Platform modules already initialized, skipping
Refreshing native plugins compatible for Editor in 0.39 ms, found 1 plugins.
Preloading 0 native plugins for Editor in 0.00 ms.
Unloading 1941 Unused Serialized files (Serialized files now loaded: 0)
System memory in use before: 92.9 MB.
System memory in use after: 92.9 MB.

Unloading 14 unused Assets to reduce memory usage. Loaded Objects now: 2491.
Total: 2.108200 ms (FindLiveObjects: 0.203000 ms CreateObjectMapping: 0.076800 ms MarkObjects: 1.703200 ms  DeleteObjects: 0.123800 ms)

========================================================================
Received Prepare
Registering precompiled user dll's ...
Registered in 0.001266 seconds.
Begin MonoManager ReloadAssembly
Native extension for WindowsStandalone target not found
Refreshing native plugins compatible for Editor in 0.49 ms, found 1 plugins.
Preloading 0 native plugins for Editor in 0.00 ms.
Invoked RoslynAnalysisRunner static constructor.
RoslynAnalysisRunner will not be running.
RoslynAnalysisRunner has terminated.
Mono: successfully reloaded assembly
- Completed reload, in  0.993 seconds
Platform modules already initialized, skipping
Refreshing native plugins compatible for Editor in 0.38 ms, found 1 plugins.
Preloading 0 native plugins for Editor in 0.00 ms.
Unloading 1955 Unused Serialized files (Serialized files now loaded: 0)
System memory in use before: 94.6 MB.
System memory in use after: 94.0 MB.

Unloading 27 unused Assets to reduce memory usage. Loaded Objects now: 2495.
Total: 4.902800 ms (FindLiveObjects: 0.313200 ms CreateObjectMapping: 0.130300 ms MarkObjects: 3.568600 ms  DeleteObjects: 0.887300 ms)

========================================================================
Received Import Request.
  Time since last request: 661.893408 seconds.
  path: Assets/Scripts/NewBehaviourScript.cs
  artifactKey: Guid(594a65222bc67ee4d9356b115f251b19) Importer(815301076,1909f56bfc062723c751e8b465ee728b)
Start importing Assets/Scripts/NewBehaviourScript.cs using Guid(594a65222bc67ee4d9356b115f251b19) Importer(815301076,1909f56bfc062723c751e8b465ee728b)  -> (artifact id: '0f9d7f830bcc9f26d03ce1f7387393a8') in 0.015168 seconds
  Import took 0.027396 seconds .

========================================================================
Received Prepare
Registering precompiled user dll's ...
Registered in 0.001199 seconds.
Begin MonoManager ReloadAssembly
Native extension for WindowsStandalone target not found
Refreshing native plugins compatible for Editor in 0.53 ms, found 1 plugins.
Preloading 0 native plugins for Editor in 0.00 ms.
Invoked RoslynAnalysisRunner static constructor.
RoslynAnalysisRunner will not be running.
RoslynAnalysisRunner has terminated.
Mono: successfully reloaded assembly
- Completed reload, in  0.912 seconds
Platform modules already initialized, skipping
Refreshing native plugins compatible for Editor in 0.37 ms, found 1 plugins.
Preloading 0 native plugins for Editor in 0.00 ms.
Unloading 1954 Unused Serialized files (Serialized files now loaded: 0)
System memory in use before: 94.6 MB.
System memory in use after: 94.0 MB.

Unloading 28 unused Assets to reduce memory usage. Loaded Objects now: 2497.
Total: 4.699500 ms (FindLiveObjects: 0.327000 ms CreateObjectMapping: 0.152900 ms MarkObjects: 3.260600 ms  DeleteObjects: 0.956700 ms)

========================================================================
Received Prepare
Registering precompiled user dll's ...
Registered in 0.001695 seconds.
Begin MonoManager ReloadAssembly
Native extension for WindowsStandalone target not found
Refreshing native plugins compatible for Editor in 0.46 ms, found 1 plugins.
Preloading 0 native plugins for Editor in 0.00 ms.
Invoked RoslynAnalysisRunner static constructor.
RoslynAnalysisRunner will not be running.
RoslynAnalysisRunner has terminated.
Mono: successfully reloaded assembly
- Completed reload, in  0.903 seconds
Platform modules already initialized, skipping
Refreshing native plugins compatible for Editor in 0.44 ms, found 1 plugins.
Preloading 0 native plugins for Editor in 0.00 ms.
Unloading 1955 Unused Serialized files (Serialized files now loaded: 0)
System memory in use before: 94.7 MB.
System memory in use after: 94.0 MB.

Unloading 27 unused Assets to reduce memory usage. Loaded Objects now: 2501.
Total: 2.642300 ms (FindLiveObjects: 0.210000 ms CreateObjectMapping: 0.093300 ms MarkObjects: 1.884000 ms  DeleteObjects: 0.454200 ms)

========================================================================
Received Import Request.
  Time since last request: 116.373071 seconds.
  path: Assets/Scripts/Dying.cs
  artifactKey: Guid(594a65222bc67ee4d9356b115f251b19) Importer(815301076,1909f56bfc062723c751e8b465ee728b)
Start importing Assets/Scripts/Dying.cs using Guid(594a65222bc67ee4d9356b115f251b19) Importer(815301076,1909f56bfc062723c751e8b465ee728b)  -> (artifact id: '95ee01deccda85d8fb9231be765ced99') in 0.012277 seconds
  Import took 0.022981 seconds .

========================================================================
Received Import Request.
  Time since last request: 0.009574 seconds.
  path: Assets/Scripts/Dying.cs
  artifactKey: Guid(594a65222bc67ee4d9356b115f251b19) Importer(815301076,1909f56bfc062723c751e8b465ee728b)
Start importing Assets/Scripts/Dying.cs using Guid(594a65222bc67ee4d9356b115f251b19) Importer(815301076,1909f56bfc062723c751e8b465ee728b)  -> (artifact id: '95ee01deccda85d8fb9231be765ced99') in 0.005106 seconds
  Import took 0.009391 seconds .

========================================================================
Received Prepare
Registering precompiled user dll's ...
Registered in 0.001125 seconds.
Begin MonoManager ReloadAssembly
Native extension for WindowsStandalone target not found
Refreshing native plugins compatible for Editor in 0.73 ms, found 1 plugins.
Preloading 0 native plugins for Editor in 0.00 ms.
Invoked RoslynAnalysisRunner static constructor.
RoslynAnalysisRunner will not be running.
RoslynAnalysisRunner has terminated.
Mono: successfully reloaded assembly
- Completed reload, in  1.529 seconds
Platform modules already initialized, skipping
Refreshing native plugins compatible for Editor in 0.44 ms, found 1 plugins.
Preloading 0 native plugins for Editor in 0.00 ms.
Unloading 1955 Unused Serialized files (Serialized files now loaded: 0)
System memory in use before: 94.7 MB.
System memory in use after: 94.0 MB.

Unloading 27 unused Assets to reduce memory usage. Loaded Objects now: 2504.
Total: 3.116300 ms (FindLiveObjects: 0.350400 ms CreateObjectMapping: 0.313700 ms MarkObjects: 2.012300 ms  DeleteObjects: 0.438400 ms)

========================================================================
Received Prepare
Registering precompiled user dll's ...
Registered in 0.001270 seconds.
Begin MonoManager ReloadAssembly
Native extension for WindowsStandalone target not found
Refreshing native plugins compatible for Editor in 0.44 ms, found 1 plugins.
Preloading 0 native plugins for Editor in 0.00 ms.
Invoked RoslynAnalysisRunner static constructor.
RoslynAnalysisRunner will not be running.
RoslynAnalysisRunner has terminated.
Mono: successfully reloaded assembly
- Completed reload, in  0.891 seconds
Platform modules already initialized, skipping
Refreshing native plugins compatible for Editor in 0.37 ms, found 1 plugins.
Preloading 0 native plugins for Editor in 0.00 ms.
Unloading 1955 Unused Serialized files (Serialized files now loaded: 0)
System memory in use before: 94.7 MB.
System memory in use after: 94.0 MB.

Unloading 27 unused Assets to reduce memory usage. Loaded Objects now: 2507.
Total: 4.185400 ms (FindLiveObjects: 0.371700 ms CreateObjectMapping: 0.155600 ms MarkObjects: 3.010600 ms  DeleteObjects: 0.645700 ms)

========================================================================
Received Import Request.
  Time since last request: 514.553774 seconds.
  path: Assets/Scripts/Dying.cs
  artifactKey: Guid(594a65222bc67ee4d9356b115f251b19) Importer(815301076,1909f56bfc062723c751e8b465ee728b)
Start importing Assets/Scripts/Dying.cs using Guid(594a65222bc67ee4d9356b115f251b19) Importer(815301076,1909f56bfc062723c751e8b465ee728b)  -> (artifact id: 'd51f09911289d06f183806ae7437d449') in 0.009729 seconds
  Import took 0.014862 seconds .

========================================================================
Received Import Request.
  Time since last request: 7.917526 seconds.
  path: ProjectSettings/TagManager.asset
  artifactKey: Guid(00000000000000003000000000000000) Importer(815301076,1909f56bfc062723c751e8b465ee728b)
Start importing ProjectSettings/TagManager.asset using Guid(00000000000000003000000000000000) Importer(815301076,1909f56bfc062723c751e8b465ee728b)  -> (artifact id: 'f532d3b981f6a648562d57db7e632b92') in 0.011689 seconds
  Import took 0.014949 seconds .

========================================================================
Received Prepare
Registering precompiled user dll's ...
Registered in 0.001157 seconds.
Begin MonoManager ReloadAssembly
Native extension for WindowsStandalone target not found
Refreshing native plugins compatible for Editor in 0.45 ms, found 1 plugins.
Preloading 0 native plugins for Editor in 0.00 ms.
Invoked RoslynAnalysisRunner static constructor.
RoslynAnalysisRunner will not be running.
RoslynAnalysisRunner has terminated.
Mono: successfully reloaded assembly
- Completed reload, in  0.882 seconds
Platform modules already initialized, skipping
Refreshing native plugins compatible for Editor in 0.38 ms, found 1 plugins.
Preloading 0 native plugins for Editor in 0.00 ms.
Unloading 1955 Unused Serialized files (Serialized files now loaded: 0)
System memory in use before: 94.7 MB.
System memory in use after: 94.1 MB.

Unloading 28 unused Assets to reduce memory usage. Loaded Objects now: 2510.
Total: 2.576400 ms (FindLiveObjects: 0.209300 ms CreateObjectMapping: 0.084700 ms MarkObjects: 1.863200 ms  DeleteObjects: 0.417900 ms)

========================================================================
Received Prepare
Registering precompiled user dll's ...
Registered in 0.001093 seconds.
Begin MonoManager ReloadAssembly
Native extension for WindowsStandalone target not found
Refreshing native plugins compatible for Editor in 0.45 ms, found 1 plugins.
Preloading 0 native plugins for Editor in 0.00 ms.
Invoked RoslynAnalysisRunner static constructor.
RoslynAnalysisRunner will not be running.
RoslynAnalysisRunner has terminated.
Mono: successfully reloaded assembly
- Completed reload, in  0.902 seconds
Platform modules already initialized, skipping
Refreshing native plugins compatible for Editor in 0.44 ms, found 1 plugins.
Preloading 0 native plugins for Editor in 0.00 ms.
Unloading 1955 Unused Serialized files (Serialized files now loaded: 0)
System memory in use before: 94.7 MB.
System memory in use after: 94.1 MB.

Unloading 27 unused Assets to reduce memory usage. Loaded Objects now: 2513.
Total: 4.711600 ms (FindLiveObjects: 0.359400 ms CreateObjectMapping: 0.131500 ms MarkObjects: 3.451700 ms  DeleteObjects: 0.766800 ms)

